<?xml version="1.0" encoding="UTF-8"?>
<!-- Generated by org.testng.reporters.JUnitReportReporter -->
<testsuite hostname="WX-OR1031070" failures="0" tests="1" name="registration_process" time="6.849" errors="0" timestamp="2022-12-13T22:57:16 EET" skipped="0">
  <testcase classname="registration_process" name="login_process" time="6.849"/>
  <system-out/>
</testsuite> <!-- registration_process -->
